"use strict";(self.webpackChunkvirtualclient=self.webpackChunkvirtualclient||[]).push([[4481],{9308:(t,e,n)=>{n.r(e),n.d(e,{assets:()=>a,contentTitle:()=>s,default:()=>p,frontMatter:()=>r,metadata:()=>l,toc:()=>d});var o=n(4848),i=n(8453);const r={},s="Windows Event Log",l={id:"monitors/0500-windows-event-log",title:"Windows Event Log",description:"The Windows Event Log is a kernel layer facility based on Windows Event Tracing (ETW). This facility allows applications a central store",source:"@site/docs/monitors/0500-windows-event-log.md",sourceDirName:"monitors",slug:"/monitors/0500-windows-event-log",permalink:"/VirtualClient/docs/monitors/0500-windows-event-log",draft:!1,unlisted:!1,editUrl:"https://github.com/microsoft/VirtualClient/edit/main/website/docs/monitors/0500-windows-event-log.md",tags:[],version:"current",frontMatter:{},sidebar:"tutorialSidebar",previous:{title:"Lspci",permalink:"/VirtualClient/docs/monitors/0400-lspci"},next:{title:"Linux System Log",permalink:"/VirtualClient/docs/monitors/0510-linux-event-log"}},a={},d=[{value:"Supported Platforms",id:"supported-platforms",level:2},{value:"Windows Event Log Output Description",id:"windows-event-log-output-description",level:2},{value:"Profile Parameters",id:"profile-parameters",level:2},{value:"Usage Examples",id:"usage-examples",level:3}];function c(t){const e={a:"a",code:"code",h1:"h1",h2:"h2",h3:"h3",li:"li",p:"p",pre:"pre",table:"table",tbody:"tbody",td:"td",th:"th",thead:"thead",tr:"tr",ul:"ul",...(0,i.R)(),...t.components};return(0,o.jsxs)(o.Fragment,{children:[(0,o.jsx)(e.h1,{id:"windows-event-log",children:"Windows Event Log"}),"\n",(0,o.jsx)(e.p,{children:"The Windows Event Log is a kernel layer facility based on Windows Event Tracing (ETW). This facility allows applications a central store\non the operating system to log important events and can be a valuable resource for debugging."}),"\n",(0,o.jsxs)(e.ul,{children:["\n",(0,o.jsx)(e.li,{children:(0,o.jsx)(e.a,{href:"https://learn.microsoft.com/en-us/previous-versions/windows/it-pro/windows-server-2008-R2-and-2008/cc766042(v=ws.11)",children:"Windows Event Viewer"})}),"\n",(0,o.jsx)(e.li,{children:(0,o.jsx)(e.a,{href:"https://learn.microsoft.com/en-us/windows/win32/etw/event-tracing-portal",children:"Windows Event Tracing"})}),"\n"]}),"\n",(0,o.jsx)(e.h2,{id:"supported-platforms",children:"Supported Platforms"}),"\n",(0,o.jsxs)(e.ul,{children:["\n",(0,o.jsx)(e.li,{children:"win-arm64"}),"\n",(0,o.jsx)(e.li,{children:"win-x64"}),"\n"]}),"\n",(0,o.jsx)(e.h2,{id:"windows-event-log-output-description",children:"Windows Event Log Output Description"}),"\n",(0,o.jsx)(e.p,{children:"The following section describes the type of information emitted by the Windows Event Log monitoring facility in Virtual Client. Virtual Client utilizes\nthe system event logging facility to capture events from the Windows Event Log. The section below shows examples of the output."}),"\n",(0,o.jsx)(e.pre,{children:(0,o.jsx)(e.code,{className:"language-json",children:'{\n\t"eventType": "EventLog",\n\t"eventInfo": {\n\t\t"eventCode": -1,\n\t\t"eventDescription": "Events captured from the Windows \'System\' channel/log.",\n\t\t"eventId": "System",\n\t\t"eventSource": "Windows Event Log",\n\t\t"events": [\n\t\t\t{\n\t\t\t\t"channel": "System",\n\t\t\t\t"computer": "demo_system",\n\t\t\t\t"description": "The driver Driver WUDFRd failed to load. Device: ACPI /AMDI0080/1 Status: 0xC0000365",\n\t\t\t\t"eventID": "219",\n\t\t\t\t"eventID_Qualifiers": "16384",\n\t\t\t\t"eventRecordID": "63852",\n\t\t\t\t"execution_ProcessID": "56868",\n\t\t\t\t"execution_ThreadID": "0",\n\t\t\t\t"keywords": "0x8000000000002000",\n\t\t\t\t"level": "3",\n\t\t\t\t"opcode": "0",\n\t\t\t\t"provider_Name": "Microsoft-Windows-Kernel-PnP",\n\t\t\t\t"task": "0",\n\t\t\t\t"timeCreated_SystemTime": "2025-04-08T21:46:06.1652638Z",\n\t\t\t\t"version": "0",\n\t\t\t\t"provider_EventSourceName": "Kernel-PnP",\n\t\t\t\t"provider_Guid": "9c205a39-1250-487d-abd7-e831c6290539"\n\t\t\t}\n\t\t]\n\t}\n}\n\n{\n\t"eventType": "EventLog",\n\t"eventInfo": {\n\t\t"eventCode": -1,\n\t\t"eventDescription": "Events captured from the Windows \'Application\' channel/log.",\n\t\t"eventId": "Application",\n\t\t"eventSource": "Windows Event Log",\n\t\t"events": [\n\t\t\t{\n\t\t\t\t"channel": "Application",\n\t\t\t\t"computer": "demo_system",\n\t\t\t\t"description": "CoId={0F5671E9-BAD1-49DE-BAA1-7BD6BB4B6755}: The user SYSTEM has started dialing a Connection Manager connection using a per-user connection profile named vctest-vnet. The connection settings are:...",\n\t\t\t\t"eventID": "20221",\n\t\t\t\t"eventID_Qualifiers": "0",\n\t\t\t\t"eventRecordID": "35360",\n\t\t\t\t"execution_ProcessID": "9456",\n\t\t\t\t"execution_ThreadID": "0",\n\t\t\t\t"keywords": "0x80000000000000",\n\t\t\t\t"level": "4",\n\t\t\t\t"opcode": "0",\n\t\t\t\t"provider_Name": "RasClient",\n\t\t\t\t"task": "0",\n\t\t\t\t"timeCreated_SystemTime": "2025-04-08T21:47:08.6267674Z",\n\t\t\t\t"version": "0"\n\t\t\t},\n\t\t\t{\n\t\t\t\t"channel": "Application",\n\t\t\t\t"computer": "demo_system",\n\t\t\t\t"description": "Offline downlevel migration succeeded.",\n\t\t\t\t"eventID": "16384",\n\t\t\t\t"eventID_Qualifiers": "16384",\n\t\t\t\t"eventRecordID": "35359",\n\t\t\t\t"execution_ProcessID": "56868",\n\t\t\t\t"execution_ThreadID": "0",\n\t\t\t\t"keywords": "0x80000000000000",\n\t\t\t\t"level": "4",\n\t\t\t\t"opcode": "0",\n\t\t\t\t"provider_Name": "Microsoft-Windows-Security-SPP",\n\t\t\t\t"task": "0",\n\t\t\t\t"timeCreated_SystemTime": "2025-04-08T21:46:06.1652638Z",\n\t\t\t\t"version": "0",\n\t\t\t\t"provider_EventSourceName": "Software Protection Platform Service",\n\t\t\t\t"provider_Guid": "E23B33B0-C8C9-472C-A5F9-F2BDFEA0F156"\n\t\t\t}\n\t\t]\n\t}\n}\n'})}),"\n",(0,o.jsx)(e.h2,{id:"profile-parameters",children:"Profile Parameters"}),"\n",(0,o.jsx)(e.p,{children:"The following parameters are available for the WindowsEventLogMonitor component."}),"\n",(0,o.jsxs)(e.table,{children:[(0,o.jsx)(e.thead,{children:(0,o.jsxs)(e.tr,{children:[(0,o.jsx)(e.th,{children:"Parameter"}),(0,o.jsx)(e.th,{children:"Required"}),(0,o.jsx)(e.th,{children:"Description"}),(0,o.jsx)(e.th,{children:"Default Value"})]})}),(0,o.jsxs)(e.tbody,{children:[(0,o.jsxs)(e.tr,{children:[(0,o.jsx)(e.td,{children:"LogNames"}),(0,o.jsx)(e.td,{children:"Yes"}),(0,o.jsx)(e.td,{children:"1 or more names of event logs/channels to watch for events delimited by a comma (e.g. Application,System)."}),(0,o.jsx)(e.td,{})]}),(0,o.jsxs)(e.tr,{children:[(0,o.jsx)(e.td,{children:"LogLevel"}),(0,o.jsx)(e.td,{children:"No"}),(0,o.jsx)(e.td,{children:"The minimum logging level for events to capture. Valid values include: Trace, Debug, Information, Warning, Error, Critical."}),(0,o.jsx)(e.td,{children:"Warning"})]}),(0,o.jsxs)(e.tr,{children:[(0,o.jsx)(e.td,{children:"Query"}),(0,o.jsx)(e.td,{children:"No"}),(0,o.jsx)(e.td,{children:"An event log filter/query that defines the context of the events to capture (e.g. *[System[Level <= 5]]). This can be used as an alternative to the 'LogLevel' parameter for more granular event watcher definitions."}),(0,o.jsx)(e.td,{})]}),(0,o.jsxs)(e.tr,{children:[(0,o.jsx)(e.td,{children:"MonitorFrequency"}),(0,o.jsx)(e.td,{children:"No"}),(0,o.jsx)(e.td,{children:"The interval/frequency to capture events from the system."}),(0,o.jsx)(e.td,{children:"00:05:00 (5 mins)"})]}),(0,o.jsxs)(e.tr,{children:[(0,o.jsx)(e.td,{children:"MonitorWarmupPeriod"}),(0,o.jsx)(e.td,{children:"No"}),(0,o.jsx)(e.td,{children:"The period of time to wait before beginning to capture events from the system."}),(0,o.jsx)(e.td,{children:"00:05:00 (5 mins)"})]}),(0,o.jsxs)(e.tr,{children:[(0,o.jsx)(e.td,{children:"Scenario"}),(0,o.jsx)(e.td,{children:"No"}),(0,o.jsx)(e.td,{children:"A name defining the purpose of the component."}),(0,o.jsx)(e.td,{})]})]})]}),"\n",(0,o.jsx)(e.h3,{id:"usage-examples",children:"Usage Examples"}),"\n",(0,o.jsx)(e.p,{children:"The following section illustrates how to include Windows Event Log monitoring in your profiles."}),"\n",(0,o.jsx)(e.pre,{children:(0,o.jsx)(e.code,{className:"language-json",children:'"Monitors": [\n\t{\n\t\t"Type": "WindowsEventLogMonitor",\n\t\t"Parameters": {\n\t\t\t"Scenario": "CaptureEventLogs",\n\t\t\t"LogNames": "Application,Security,System",\n\t\t\t"LogLevel": "Warning",\n\t\t\t"MonitorFrequency": "00:10:00",\n\t\t\t"MonitorWarmupPeriod": "00:00:30"\n\t\t}\n\t}\n]\n\n"Monitors": [\n\t{\n\t\t"Type": "WindowsEventLogMonitor",\n\t\t"Parameters": {\n\t\t\t"Scenario": "CaptureEventLogs",\n\t\t\t"LogNames": "Application,Security,System",\n\t\t\t"LogLevel": "Error",\n\t\t\t"MonitorFrequency": "00:10:00",\n\t\t\t"MonitorWarmupPeriod": "00:00:30"\n\t\t}\n\t}\n]\n\n"Monitors": [\n\t{\n\t\t"Type": "WindowsEventLogMonitor",\n\t\t"Parameters": {\n\t\t\t"Scenario": "CaptureEventLogs",\n\t\t\t"LogNames": "Application,Security,System",\n\t\t\t"Query": "*[System[Level <= 5]]",\n\t\t\t"MonitorFrequency": "00:10:00",\n\t\t\t"MonitorWarmupPeriod": "00:00:30"\n\t\t}\n\t}\n]\n\n"Monitors": [\n\t{\n\t\t"Type": "WindowsEventLogMonitor",\n\t\t"Parameters": {\n\t\t\t"Scenario": "CaptureEventLogs",\n\t\t\t"LogNames": "Application",\n\t\t\t"Query": "*[System[Provider[@Name=\'Application Error\']] and System[Level <= 5]]",\n\t\t\t"MonitorFrequency": "00:10:00",\n\t\t\t"MonitorWarmupPeriod": "00:00:30"\n\t\t}\n\t}\n]\n'})})]})}function p(t={}){const{wrapper:e}={...(0,i.R)(),...t.components};return e?(0,o.jsx)(e,{...t,children:(0,o.jsx)(c,{...t})}):c(t)}},8453:(t,e,n)=>{n.d(e,{R:()=>s,x:()=>l});var o=n(6540);const i={},r=o.createContext(i);function s(t){const e=o.useContext(r);return o.useMemo((function(){return"function"==typeof t?t(e):{...e,...t}}),[e,t])}function l(t){let e;return e=t.disableParentContext?"function"==typeof t.components?t.components(i):t.components||i:s(t.components),o.createElement(r.Provider,{value:e},t.children)}}}]);